0 info it worked if it ends with ok
1 verbose cli [ '/usr/local/bin/node',
1 verbose cli   '/usr/local/bin/npm',
1 verbose cli   'install',
1 verbose cli   'protractor' ]
2 info using npm@2.5.1
3 info using node@v0.12.0
4 silly cache add args [ 'protractor', null ]
5 verbose cache add spec protractor
6 silly cache add parsed spec { raw: 'protractor',
6 silly cache add   scope: null,
6 silly cache add   name: null,
6 silly cache add   rawSpec: 'protractor',
6 silly cache add   spec: '/home/neill/node/project/protractor',
6 silly cache add   type: 'local' }
7 silly addLocalTarball shasum (computed) bddfe32babc526bc9a793a97bfefacc8de8df1b4
8 verbose addTmpTarball /home/neill/node/project/protractor not in flight; adding
9 verbose addTmpTarball validating metadata from /home/neill/node/project/protractor
10 verbose tar unpack /home/neill/node/project/protractor
11 verbose tar unpacking to /tmp/npm-8278-82bf8d6f/unpack-41fa98b56fc5
12 verbose gentlyRm vacuuming /tmp/npm-8278-82bf8d6f/unpack-41fa98b56fc5
13 silly gunzTarPerm modes [ '775', '664' ]
14 error not a package /home/neill/node/project/protractor
15 error addLocal Could not install /home/neill/node/project/protractor
16 verbose stack Error: ENOENT, open '/tmp/npm-8278-82bf8d6f/unpack-41fa98b56fc5/package.json'
16 verbose stack     at Error (native)
17 verbose cwd /home/neill/node/project
18 error Linux 4.2.0-19-generic
19 error argv "/usr/local/bin/node" "/usr/local/bin/npm" "install" "protractor"
20 error node v0.12.0
21 error npm  v2.5.1
22 error path /tmp/npm-8278-82bf8d6f/unpack-41fa98b56fc5/package.json
23 error code ENOENT
24 error errno -2
25 error enoent ENOENT, open '/tmp/npm-8278-82bf8d6f/unpack-41fa98b56fc5/package.json'
25 error enoent This is most likely not a problem with npm itself
25 error enoent and is related to npm not being able to find a file.
26 verbose exit [ -2, true ]
